mode: atomic
github.com/lao-tseu-is-alive/go-cloud-k8s-shell/server.go:84.38,86.2 1 4
github.com/lao-tseu-is-alive/go-cloud-k8s-shell/server.go:101.36,104.16 3 11
github.com/lao-tseu-is-alive/go-cloud-k8s-shell/server.go:107.2,108.26 2 11
github.com/lao-tseu-is-alive/go-cloud-k8s-shell/server.go:104.16,106.3 1 0
github.com/lao-tseu-is-alive/go-cloud-k8s-shell/server.go:111.41,122.16 4 7
github.com/lao-tseu-is-alive/go-cloud-k8s-shell/server.go:128.2,130.36 2 7
github.com/lao-tseu-is-alive/go-cloud-k8s-shell/server.go:150.2,153.3 1 7
github.com/lao-tseu-is-alive/go-cloud-k8s-shell/server.go:122.16,127.3 1 0
github.com/lao-tseu-is-alive/go-cloud-k8s-shell/server.go:130.36,132.25 2 7
github.com/lao-tseu-is-alive/go-cloud-k8s-shell/server.go:132.25,134.40 1 21
github.com/lao-tseu-is-alive/go-cloud-k8s-shell/server.go:134.40,135.48 1 84
github.com/lao-tseu-is-alive/go-cloud-k8s-shell/server.go:135.48,137.23 1 21
github.com/lao-tseu-is-alive/go-cloud-k8s-shell/server.go:140.6,140.26 1 21
github.com/lao-tseu-is-alive/go-cloud-k8s-shell/server.go:143.6,143.25 1 21
github.com/lao-tseu-is-alive/go-cloud-k8s-shell/server.go:137.23,139.7 1 7
github.com/lao-tseu-is-alive/go-cloud-k8s-shell/server.go:140.26,142.7 1 7
github.com/lao-tseu-is-alive/go-cloud-k8s-shell/server.go:143.25,145.7 1 7
github.com/lao-tseu-is-alive/go-cloud-k8s-shell/server.go:160.54,165.11 4 6
github.com/lao-tseu-is-alive/go-cloud-k8s-shell/server.go:180.2,180.41 1 3
github.com/lao-tseu-is-alive/go-cloud-k8s-shell/server.go:165.11,167.17 2 5
github.com/lao-tseu-is-alive/go-cloud-k8s-shell/server.go:173.3,173.37 1 4
github.com/lao-tseu-is-alive/go-cloud-k8s-shell/server.go:167.17,172.4 1 1
github.com/lao-tseu-is-alive/go-cloud-k8s-shell/server.go:173.37,178.4 1 2
github.com/lao-tseu-is-alive/go-cloud-k8s-shell/server.go:188.51,194.12 5 7
github.com/lao-tseu-is-alive/go-cloud-k8s-shell/server.go:200.2,202.11 3 0
github.com/lao-tseu-is-alive/go-cloud-k8s-shell/server.go:217.2,217.54 1 0
github.com/lao-tseu-is-alive/go-cloud-k8s-shell/server.go:194.12,199.3 1 7
github.com/lao-tseu-is-alive/go-cloud-k8s-shell/server.go:202.11,204.17 2 0
github.com/lao-tseu-is-alive/go-cloud-k8s-shell/server.go:210.3,210.37 1 0
github.com/lao-tseu-is-alive/go-cloud-k8s-shell/server.go:204.17,209.4 1 0
github.com/lao-tseu-is-alive/go-cloud-k8s-shell/server.go:210.37,215.4 1 0
github.com/lao-tseu-is-alive/go-cloud-k8s-shell/server.go:220.54,234.16 7 0
github.com/lao-tseu-is-alive/go-cloud-k8s-shell/server.go:240.2,243.16 3 0
github.com/lao-tseu-is-alive/go-cloud-k8s-shell/server.go:249.2,252.16 3 0
github.com/lao-tseu-is-alive/go-cloud-k8s-shell/server.go:258.2,261.16 3 0
github.com/lao-tseu-is-alive/go-cloud-k8s-shell/server.go:267.2,273.52 6 0
github.com/lao-tseu-is-alive/go-cloud-k8s-shell/server.go:278.2,283.3 2 0
github.com/lao-tseu-is-alive/go-cloud-k8s-shell/server.go:234.16,239.3 1 0
github.com/lao-tseu-is-alive/go-cloud-k8s-shell/server.go:243.16,248.3 1 0
github.com/lao-tseu-is-alive/go-cloud-k8s-shell/server.go:252.16,257.3 1 0
github.com/lao-tseu-is-alive/go-cloud-k8s-shell/server.go:261.16,266.3 1 0
github.com/lao-tseu-is-alive/go-cloud-k8s-shell/server.go:273.52,274.27 1 0
github.com/lao-tseu-is-alive/go-cloud-k8s-shell/server.go:274.27,276.4 1 0
github.com/lao-tseu-is-alive/go-cloud-k8s-shell/server.go:286.63,305.16 6 0
github.com/lao-tseu-is-alive/go-cloud-k8s-shell/server.go:309.2,312.16 3 0
github.com/lao-tseu-is-alive/go-cloud-k8s-shell/server.go:316.2,316.34 1 0
github.com/lao-tseu-is-alive/go-cloud-k8s-shell/server.go:305.16,308.3 2 0
github.com/lao-tseu-is-alive/go-cloud-k8s-shell/server.go:312.16,315.3 2 0
github.com/lao-tseu-is-alive/go-cloud-k8s-shell/server.go:319.41,321.2 1 1
github.com/lao-tseu-is-alive/go-cloud-k8s-shell/server.go:323.39,326.2 1 1
github.com/lao-tseu-is-alive/go-cloud-k8s-shell/server.go:331.90,335.34 2 1
github.com/lao-tseu-is-alive/go-cloud-k8s-shell/server.go:347.2,347.83 1 0
github.com/lao-tseu-is-alive/go-cloud-k8s-shell/server.go:335.34,338.17 2 2
github.com/lao-tseu-is-alive/go-cloud-k8s-shell/server.go:344.3,345.9 2 1
github.com/lao-tseu-is-alive/go-cloud-k8s-shell/server.go:338.17,341.12 3 1
github.com/lao-tseu-is-alive/go-cloud-k8s-shell/server.go:351.75,366.42 7 1
github.com/lao-tseu-is-alive/go-cloud-k8s-shell/server.go:369.2,371.12 3 0
github.com/lao-tseu-is-alive/go-cloud-k8s-shell/server.go:366.42,368.3 1 0
github.com/lao-tseu-is-alive/go-cloud-k8s-shell/server.go:386.78,405.2 4 6
github.com/lao-tseu-is-alive/go-cloud-k8s-shell/server.go:408.33,416.2 5 6
github.com/lao-tseu-is-alive/go-cloud-k8s-shell/server.go:419.38,422.12 1 1
github.com/lao-tseu-is-alive/go-cloud-k8s-shell/server.go:429.2,432.62 2 1
github.com/lao-tseu-is-alive/go-cloud-k8s-shell/server.go:422.12,425.48 3 1
github.com/lao-tseu-is-alive/go-cloud-k8s-shell/server.go:425.48,427.4 1 0
github.com/lao-tseu-is-alive/go-cloud-k8s-shell/server.go:436.97,438.16 2 4
github.com/lao-tseu-is-alive/go-cloud-k8s-shell/server.go:443.2,448.31 6 4
github.com/lao-tseu-is-alive/go-cloud-k8s-shell/server.go:438.16,442.3 3 0
github.com/lao-tseu-is-alive/go-cloud-k8s-shell/server.go:453.63,456.54 3 7
github.com/lao-tseu-is-alive/go-cloud-k8s-shell/server.go:456.54,458.33 2 2
github.com/lao-tseu-is-alive/go-cloud-k8s-shell/server.go:458.33,460.4 1 1
github.com/lao-tseu-is-alive/go-cloud-k8s-shell/server.go:460.9,462.4 1 1
github.com/lao-tseu-is-alive/go-cloud-k8s-shell/server.go:465.60,468.54 3 7
github.com/lao-tseu-is-alive/go-cloud-k8s-shell/server.go:468.54,470.33 2 2
github.com/lao-tseu-is-alive/go-cloud-k8s-shell/server.go:470.33,472.4 1 1
github.com/lao-tseu-is-alive/go-cloud-k8s-shell/server.go:472.9,474.4 1 1
github.com/lao-tseu-is-alive/go-cloud-k8s-shell/server.go:478.63,483.16 4 7
github.com/lao-tseu-is-alive/go-cloud-k8s-shell/server.go:488.2,490.24 2 7
github.com/lao-tseu-is-alive/go-cloud-k8s-shell/server.go:500.2,501.16 2 7
github.com/lao-tseu-is-alive/go-cloud-k8s-shell/server.go:504.2,507.16 4 7
github.com/lao-tseu-is-alive/go-cloud-k8s-shell/server.go:519.2,545.54 2 7
github.com/lao-tseu-is-alive/go-cloud-k8s-shell/server.go:483.16,486.3 2 0
github.com/lao-tseu-is-alive/go-cloud-k8s-shell/server.go:490.24,491.29 1 0
github.com/lao-tseu-is-alive/go-cloud-k8s-shell/server.go:492.22,493.86 1 0
github.com/lao-tseu-is-alive/go-cloud-k8s-shell/server.go:494.11,495.90 1 0
github.com/lao-tseu-is-alive/go-cloud-k8s-shell/server.go:501.16,503.3 1 0
github.com/lao-tseu-is-alive/go-cloud-k8s-shell/server.go:507.16,509.3 1 7
github.com/lao-tseu-is-alive/go-cloud-k8s-shell/server.go:509.8,512.29 2 0
github.com/lao-tseu-is-alive/go-cloud-k8s-shell/server.go:515.3,516.46 2 0
github.com/lao-tseu-is-alive/go-cloud-k8s-shell/server.go:512.29,514.4 1 0
github.com/lao-tseu-is-alive/go-cloud-k8s-shell/server.go:545.54,551.19 6 6
github.com/lao-tseu-is-alive/go-cloud-k8s-shell/server.go:552.23,553.94 1 5
github.com/lao-tseu-is-alive/go-cloud-k8s-shell/server.go:585.11,587.69 2 1
github.com/lao-tseu-is-alive/go-cloud-k8s-shell/server.go:553.94,556.24 3 4
github.com/lao-tseu-is-alive/go-cloud-k8s-shell/server.go:559.5,563.19 5 4
github.com/lao-tseu-is-alive/go-cloud-k8s-shell/server.go:566.5,575.105 4 4
github.com/lao-tseu-is-alive/go-cloud-k8s-shell/server.go:556.24,558.6 1 1
github.com/lao-tseu-is-alive/go-cloud-k8s-shell/server.go:563.19,565.6 1 0
github.com/lao-tseu-is-alive/go-cloud-k8s-shell/server.go:576.10,579.19 3 1
github.com/lao-tseu-is-alive/go-cloud-k8s-shell/server.go:579.19,583.6 3 0
github.com/lao-tseu-is-alive/go-cloud-k8s-shell/server.go:591.58,594.54 3 7
github.com/lao-tseu-is-alive/go-cloud-k8s-shell/server.go:594.54,596.33 2 2
github.com/lao-tseu-is-alive/go-cloud-k8s-shell/server.go:596.33,601.4 4 1
github.com/lao-tseu-is-alive/go-cloud-k8s-shell/server.go:601.9,604.4 2 1
github.com/lao-tseu-is-alive/go-cloud-k8s-shell/server.go:607.76,611.54 4 7
github.com/lao-tseu-is-alive/go-cloud-k8s-shell/server.go:611.54,613.33 2 2
github.com/lao-tseu-is-alive/go-cloud-k8s-shell/server.go:613.33,618.4 4 1
github.com/lao-tseu-is-alive/go-cloud-k8s-shell/server.go:618.9,621.4 2 1
github.com/lao-tseu-is-alive/go-cloud-k8s-shell/server.go:626.13,628.16 2 1
github.com/lao-tseu-is-alive/go-cloud-k8s-shell/server.go:631.2,635.22 5 1
github.com/lao-tseu-is-alive/go-cloud-k8s-shell/server.go:628.16,630.3 1 0
